<?xml version="1.0" encoding="UTF-8"?>
<!-- Generated by org.testng.reporters.JUnitReportReporter -->
<testsuite skipped="0" hostname="LAPTOP-C4QGRIU0" name="com.qa.test.GetApiTest" tests="1" failures="0" timestamp="09 Jul 2020 15:09:04 GMT" time="0.958" errors="0">
  <testcase name="getApiTest" time="0.958" classname="com.qa.test.GetApiTest"/>
</testsuite> <!-- com.qa.test.GetApiTest -->
